<?xml version="1.0" encoding="UTF-8"?>
<testng-results ignored="0" total="2" passed="2" failed="0" skipped="0">
  <reporter-output>
  </reporter-output>
  <suite started-at="2023-07-23T12:46:11 EDT" name="Default suite" finished-at="2023-07-23T12:46:15 EDT" duration-ms="4059">
    <groups>
    </groups>
    <test started-at="2023-07-23T12:46:11 EDT" name="Default test" finished-at="2023-07-23T12:46:15 EDT" duration-ms="4059">
      <class name="restAssured.RestAssured">
        <test-method signature="postRequest()[pri:0, instance:restAssured.RestAssured@1ed4ae0f]" started-at="2023-07-23T12:46:11 EDT" name="postRequest" finished-at="2023-07-23T12:46:14 EDT" duration-ms="3457" status="PASS">
          <reporter-output>
          </reporter-output>
        </test-method> <!-- postRequest -->
        <test-method signature="updateRequest()[pri:0, instance:restAssured.RestAssured@1ed4ae0f]" started-at="2023-07-23T12:46:14 EDT" name="updateRequest" finished-at="2023-07-23T12:46:15 EDT" depends-on-methods="restAssured.RestAssured.postRequest" duration-ms="542" status="PASS">
          <reporter-output>
          </reporter-output>
        </test-method> <!-- updateRequest -->
      </class> <!-- restAssured.RestAssured -->
    </test> <!-- Default test -->
  </suite> <!-- Default suite -->
</testng-results>
